[debug] [2022-12-06T02:25:15.533Z] ----------------------------------------------------------------------
[debug] [2022-12-06T02:25:15.535Z] Command:       C:\Program Files\nodejs\node.exe C:\Users\Agustin\AppData\Roaming\npm\node_modules\firebase-tools\lib\bin\firebase.js init hosting
[debug] [2022-12-06T02:25:15.536Z] CLI Version:   11.16.1
[debug] [2022-12-06T02:25:15.536Z] Platform:      win32
[debug] [2022-12-06T02:25:15.536Z] Node Version:  v16.14.0
[debug] [2022-12-06T02:25:15.537Z] Time:          Mon Dec 05 2022 23:25:15 GMT-0300 (hora estándar de Argentina)
[debug] [2022-12-06T02:25:15.538Z] ----------------------------------------------------------------------
[debug] 
[debug] [2022-12-06T02:25:15.548Z] > command requires scopes: ["email","openid","https://www.googleapis.com/auth/cloudplatformprojects.readonly","https://www.googleapis.com/auth/firebase","https://www.googleapis.com/auth/cloud-platform"]
[debug] [2022-12-06T02:25:15.549Z] > authorizing via signed-in user (agustinsosa.dev@gmail.com)
[info] 
     ######## #### ########  ######## ########     ###     ######  ########
     ##        ##  ##     ## ##       ##     ##  ##   ##  ##       ##
     ######    ##  ########  ######   ########  #########  ######  ######
     ##        ##  ##    ##  ##       ##     ## ##     ##       ## ##
     ##       #### ##     ## ######## ########  ##     ##  ######  ########

You're about to initialize a Firebase project in this directory:

  C:\Users\Agustin\Documents\projects\prueba-next-crud\next-crud-employee-management

[info] 
=== Project Setup
[info] 
[info] First, let's associate this project directory with a Firebase project.
[info] You can create multiple project aliases by running firebase use --add, 
[info] but for now we'll just set up a default project.
[info] 
[debug] [2022-12-06T02:25:27.800Z] >>> [apiv2][query] GET https://firebase.googleapis.com/v1beta1/projects pageSize=100
[debug] [2022-12-06T02:25:28.436Z] <<< [apiv2][status] GET https://firebase.googleapis.com/v1beta1/projects 200
[debug] [2022-12-06T02:25:28.436Z] <<< [apiv2][body] GET https://firebase.googleapis.com/v1beta1/projects [omitted]
[info] i  Using project next-auth-crud-firebase (next-auth-crud-firebase) 
[info] 
=== Hosting Setup
